

Microchip Technology PIC LITE Macro Assembler V2.00 build -1524193055 
                                                                                               Thu Feb 25 15:27:58 2021

Microchip Technology Omniscient Code Generator v2.00 (Free mode) build 20180527130849
     1  0000                     
      + 0000                     
     2                           ; Version 2.00
     3                           ; Generated 27/05/2018 GMT
     4                           
     5                           ; 
     6                           ; Copyright © 2018, Microchip Technology Inc. and its subsidiaries ("Microchip")
     7                           ; All rights reserved.
     8                           ; 
     9                           ; This software is developed by Microchip Technology Inc. and its subsidiaries ("Microch
                                 ip").
    10                           ; 
    11                           ; Redistribution and use in source and binary forms, with or without modification, are
    12                           ; permitted provided that the following conditions are met:
    13                           ; 
    14                           ;     1. Redistributions of source code must retain the above copyright notice, this lis
                                 t of
    15                           ;        conditions and the following disclaimer.
    16                           ; 
    17                           ;     2. Redistributions in binary form must reproduce the above copyright notice, this 
                                 list
    18                           ;        of conditions and the following disclaimer in the documentation and/or other
    19                           ;        materials provided with the distribution.
    20                           ; 
    21                           ;     3. Microchip's name may not be used to endorse or promote products derived from th
                                 is
    22                           ;        software without specific prior written permission.
    23                           ; 
    24                           ; THIS SOFTWARE IS PROVIDED BY MICROCHIP "AS IS" AND ANY EXPRESS OR IMPLIED WARRANTIES,

    25                           ; INCLUDING, BUT NOT LIMITED TO, THE IMPLIED WARRANTIES OF MERCHANTABILITY AND FITNESS F
                                 OR
    26                           ; PURPOSE ARE DISCLAIMED.  IN NO EVENT SHALL MICROCHIP BE LIABLE FOR ANY DIRECT, INDIREC
                                 T,
    27                           ; INCIDENTAL, SPECIAL, EXEMPLARY, OR CONSEQUENTIAL DAMAGES (INCLUDING BUT NOT LIMITED TO
                                 
    28                           ; PROCUREMENT OF SUBSTITUTE GOODS OR SERVICES; LOSS OF USE, DATA OR PROFITS; OR BUSINESS
                                 
    29                           ; INTERRUPTION) HOWSOEVER CAUSED AND ON ANY THEORY OF LIABILITY, WHETHER IN CONTRACT, ST
                                 RICT
    30                           ; LIABILITY, OR TORT (INCLUDING NEGLIGENCE OR OTHERWISE) ARISING IN ANY WAY OUT OF THE U
                                 SE OF
    31                           ; THIS SOFTWARE, EVEN IF ADVISED OF THE POSSIBILITY OF SUCH DAMAGE.
    32                           ; 
    33                           
    34                           
    35                           ; 
    36                           ; Code-generator required, PIC16F887 Definitions
    37                           ; 
    38  0004                     fsr0 equ 04h
    39  0004                     indf equ 00h
    40  0000                     indf0 equ 00h
    41  0000                     pc equ 02h
    42  0002                     pcl equ 02h
    43  0002                     pclath equ 0Ah
    44  000A                     status equ 03h
    45  0003                     
     2                           opt pagewidth 120
     3  0000                     byte0	macro	val
     4                           	(getbyte(val,0))
     5                           endm
     6  0000                     byte1	macro	val
     7                           	(getbyte(val,1))
     8                           endm
     9  0000                     byte2	macro	val
    10                           	(getbyte(val,2))
    11                           endm
    12  0000                     byte3	macro	val
    13                           	(getbyte(val,3))
    14                           endm
    15  0000                     byte4	macro	val
    16                           	(getbyte(val,4))
    17                           endm
    18  0000                     byte5	macro	val
    19                           	(getbyte(val,5))
    20                           endm
    21  0000                     byte6	macro	val
    22                           	(getbyte(val,6))
    23                           endm
    24  0000                     byte7	macro	val
    25                           	(getbyte(val,7))
    26                           endm
    27  0000                     getword	macro	val,pos
    28                           	(((val) >> (8 * pos)) and 0xffff)
    29                           endm
    30  0000                     word0	macro	val
    31                           	(getword(val,0))
    32                           endm
    33  0000                     word1	macro	val
    34                           	(getword(val,2))
    35                           endm
    36  0000                     word2	macro	val
    37                           	(getword(val,4))
    38                           endm
    39  0000                     word3	macro	val
    40                           	(getword(val,6))
    41                           endm
    42  0000                     gettword	macro	val,pos
    43                           	(((val) >> (8 * pos)) and 0xffffff)
    44                           endm
    45  0000                     tword0	macro	val
    46                           	(gettword(val,0))
    47                           endm
    48  0000                     tword1	macro	val
    49                           	(gettword(val,3))
    50                           endm
    51  0000                     tword2	macro	val
    52                           	(gettword(val,6))
    53                           endm
    54  0000                     getdword	macro	val,pos
    55                           	(((val) >> (8 * pos)) and 0xffffffff)
    56                           endm
    57  0000                     dword0	macro	val
    58                           	(getdword(val,0))
    59                           endm
    60  0000                     dword1	macro	val
    61                           	(getdword(val,4))
    62                           endm
    63  0000                     clrc	macro
    64                           	bcf	3,0
    65                           	endm
    66  0000                     clrz	macro
    67                           	bcf	3,2
    68                           	endm
    69  0000                     setc	macro
    70                           	bsf	3,0
    71                           	endm
    72  0000                     setz	macro
    73                           	bsf	3,2
    74                           	endm
    75  0000                     skipc	macro
    76                           	btfss	3,0
    77                           	endm
    78  0000                     skipz	macro
    79                           	btfss	3,2
    80                           	endm
    81  0000                     skipnc	macro
    82                           	btfsc	3,0
    83                           	endm
    84  0000                     skipnz	macro
    85                           	btfsc	3,2
    86                           	endm
    87  0000                     # 54 "C:\Program Files (x86)\Microchip\xc8\v2.00\pic\include\pic16f887.h"
    88                           INDF equ 00h ;# 
    89  0000                     # 61 "C:\Program Files (x86)\Microchip\xc8\v2.00\pic\include\pic16f887.h"
    90                           TMR0 equ 01h ;# 
    91  0001                     # 68 "C:\Program Files (x86)\Microchip\xc8\v2.00\pic\include\pic16f887.h"
    92                           PCL equ 02h ;# 
    93  0002                     # 75 "C:\Program Files (x86)\Microchip\xc8\v2.00\pic\include\pic16f887.h"
    94                           STATUS equ 03h ;# 
    95  0003                     # 161 "C:\Program Files (x86)\Microchip\xc8\v2.00\pic\include\pic16f887.h"
    96                           FSR equ 04h ;# 
    97  0004                     # 168 "C:\Program Files (x86)\Microchip\xc8\v2.00\pic\include\pic16f887.h"
    98                           PORTA equ 05h ;# 
    99  0005                     # 230 "C:\Program Files (x86)\Microchip\xc8\v2.00\pic\include\pic16f887.h"
   100                           PORTB equ 06h ;# 
   101  0006                     # 292 "C:\Program Files (x86)\Microchip\xc8\v2.00\pic\include\pic16f887.h"
   102                           PORTC equ 07h ;# 
   103  0007                     # 354 "C:\Program Files (x86)\Microchip\xc8\v2.00\pic\include\pic16f887.h"
   104                           PORTD equ 08h ;# 
   105  0008                     # 416 "C:\Program Files (x86)\Microchip\xc8\v2.00\pic\include\pic16f887.h"
   106                           PORTE equ 09h ;# 
   107  0009                     # 454 "C:\Program Files (x86)\Microchip\xc8\v2.00\pic\include\pic16f887.h"
   108                           PCLATH equ 0Ah ;# 
   109  000A                     # 461 "C:\Program Files (x86)\Microchip\xc8\v2.00\pic\include\pic16f887.h"
   110                           INTCON equ 0Bh ;# 
   111  000B                     # 539 "C:\Program Files (x86)\Microchip\xc8\v2.00\pic\include\pic16f887.h"
   112                           PIR1 equ 0Ch ;# 
   113  000C                     # 595 "C:\Program Files (x86)\Microchip\xc8\v2.00\pic\include\pic16f887.h"
   114                           PIR2 equ 0Dh ;# 
   115  000D                     # 652 "C:\Program Files (x86)\Microchip\xc8\v2.00\pic\include\pic16f887.h"
   116                           TMR1 equ 0Eh ;# 
   117  000E                     # 659 "C:\Program Files (x86)\Microchip\xc8\v2.00\pic\include\pic16f887.h"
   118                           TMR1L equ 0Eh ;# 
   119  000E                     # 666 "C:\Program Files (x86)\Microchip\xc8\v2.00\pic\include\pic16f887.h"
   120                           TMR1H equ 0Fh ;# 
   121  000F                     # 673 "C:\Program Files (x86)\Microchip\xc8\v2.00\pic\include\pic16f887.h"
   122                           T1CON equ 010h ;# 
   123  0010                     # 767 "C:\Program Files (x86)\Microchip\xc8\v2.00\pic\include\pic16f887.h"
   124                           TMR2 equ 011h ;# 
   125  0011                     # 774 "C:\Program Files (x86)\Microchip\xc8\v2.00\pic\include\pic16f887.h"
   126                           T2CON equ 012h ;# 
   127  0012                     # 845 "C:\Program Files (x86)\Microchip\xc8\v2.00\pic\include\pic16f887.h"
   128                           SSPBUF equ 013h ;# 
   129  0013                     # 852 "C:\Program Files (x86)\Microchip\xc8\v2.00\pic\include\pic16f887.h"
   130                           SSPCON equ 014h ;# 
   131  0014                     # 922 "C:\Program Files (x86)\Microchip\xc8\v2.00\pic\include\pic16f887.h"
   132                           CCPR1 equ 015h ;# 
   133  0015                     # 929 "C:\Program Files (x86)\Microchip\xc8\v2.00\pic\include\pic16f887.h"
   134                           CCPR1L equ 015h ;# 
   135  0015                     # 936 "C:\Program Files (x86)\Microchip\xc8\v2.00\pic\include\pic16f887.h"
   136                           CCPR1H equ 016h ;# 
   137  0016                     # 943 "C:\Program Files (x86)\Microchip\xc8\v2.00\pic\include\pic16f887.h"
   138                           CCP1CON equ 017h ;# 
   139  0017                     # 1040 "C:\Program Files (x86)\Microchip\xc8\v2.00\pic\include\pic16f887.h"
   140                           RCSTA equ 018h ;# 
   141  0018                     # 1135 "C:\Program Files (x86)\Microchip\xc8\v2.00\pic\include\pic16f887.h"
   142                           TXREG equ 019h ;# 
   143  0019                     # 1142 "C:\Program Files (x86)\Microchip\xc8\v2.00\pic\include\pic16f887.h"
   144                           RCREG equ 01Ah ;# 
   145  001A                     # 1149 "C:\Program Files (x86)\Microchip\xc8\v2.00\pic\include\pic16f887.h"
   146                           CCPR2 equ 01Bh ;# 
   147  001B                     # 1156 "C:\Program Files (x86)\Microchip\xc8\v2.00\pic\include\pic16f887.h"
   148                           CCPR2L equ 01Bh ;# 
   149  001B                     # 1163 "C:\Program Files (x86)\Microchip\xc8\v2.00\pic\include\pic16f887.h"
   150                           CCPR2H equ 01Ch ;# 
   151  001C                     # 1170 "C:\Program Files (x86)\Microchip\xc8\v2.00\pic\include\pic16f887.h"
   152                           CCP2CON equ 01Dh ;# 
   153  001D                     # 1240 "C:\Program Files (x86)\Microchip\xc8\v2.00\pic\include\pic16f887.h"
   154                           ADRESH equ 01Eh ;# 
   155  001E                     # 1247 "C:\Program Files (x86)\Microchip\xc8\v2.00\pic\include\pic16f887.h"
   156                           ADCON0 equ 01Fh ;# 
   157  001F                     # 1348 "C:\Program Files (x86)\Microchip\xc8\v2.00\pic\include\pic16f887.h"
   158                           OPTION_REG equ 081h ;# 
   159  0081                     # 1418 "C:\Program Files (x86)\Microchip\xc8\v2.00\pic\include\pic16f887.h"
   160                           TRISA equ 085h ;# 
   161  0085                     # 1480 "C:\Program Files (x86)\Microchip\xc8\v2.00\pic\include\pic16f887.h"
   162                           TRISB equ 086h ;# 
   163  0086                     # 1542 "C:\Program Files (x86)\Microchip\xc8\v2.00\pic\include\pic16f887.h"
   164                           TRISC equ 087h ;# 
   165  0087                     # 1604 "C:\Program Files (x86)\Microchip\xc8\v2.00\pic\include\pic16f887.h"
   166                           TRISD equ 088h ;# 
   167  0088                     # 1666 "C:\Program Files (x86)\Microchip\xc8\v2.00\pic\include\pic16f887.h"
   168                           TRISE equ 089h ;# 
   169  0089                     # 1704 "C:\Program Files (x86)\Microchip\xc8\v2.00\pic\include\pic16f887.h"
   170                           PIE1 equ 08Ch ;# 
   171  008C                     # 1760 "C:\Program Files (x86)\Microchip\xc8\v2.00\pic\include\pic16f887.h"
   172                           PIE2 equ 08Dh ;# 
   173  008D                     # 1817 "C:\Program Files (x86)\Microchip\xc8\v2.00\pic\include\pic16f887.h"
   174                           PCON equ 08Eh ;# 
   175  008E                     # 1864 "C:\Program Files (x86)\Microchip\xc8\v2.00\pic\include\pic16f887.h"
   176                           OSCCON equ 08Fh ;# 
   177  008F                     # 1929 "C:\Program Files (x86)\Microchip\xc8\v2.00\pic\include\pic16f887.h"
   178                           OSCTUNE equ 090h ;# 
   179  0090                     # 1981 "C:\Program Files (x86)\Microchip\xc8\v2.00\pic\include\pic16f887.h"
   180                           SSPCON2 equ 091h ;# 
   181  0091                     # 2043 "C:\Program Files (x86)\Microchip\xc8\v2.00\pic\include\pic16f887.h"
   182                           PR2 equ 092h ;# 
   183  0092                     # 2050 "C:\Program Files (x86)\Microchip\xc8\v2.00\pic\include\pic16f887.h"
   184                           SSPADD equ 093h ;# 
   185  0093                     # 2057 "C:\Program Files (x86)\Microchip\xc8\v2.00\pic\include\pic16f887.h"
   186                           SSPMSK equ 093h ;# 
   187  0093                     # 2062 "C:\Program Files (x86)\Microchip\xc8\v2.00\pic\include\pic16f887.h"
   188                           MSK equ 093h ;# 
   189  0093                     # 2179 "C:\Program Files (x86)\Microchip\xc8\v2.00\pic\include\pic16f887.h"
   190                           SSPSTAT equ 094h ;# 
   191  0094                     # 2348 "C:\Program Files (x86)\Microchip\xc8\v2.00\pic\include\pic16f887.h"
   192                           WPUB equ 095h ;# 
   193  0095                     # 2418 "C:\Program Files (x86)\Microchip\xc8\v2.00\pic\include\pic16f887.h"
   194                           IOCB equ 096h ;# 
   195  0096                     # 2488 "C:\Program Files (x86)\Microchip\xc8\v2.00\pic\include\pic16f887.h"
   196                           VRCON equ 097h ;# 
   197  0097                     # 2558 "C:\Program Files (x86)\Microchip\xc8\v2.00\pic\include\pic16f887.h"
   198                           TXSTA equ 098h ;# 
   199  0098                     # 2644 "C:\Program Files (x86)\Microchip\xc8\v2.00\pic\include\pic16f887.h"
   200                           SPBRG equ 099h ;# 
   201  0099                     # 2706 "C:\Program Files (x86)\Microchip\xc8\v2.00\pic\include\pic16f887.h"
   202                           SPBRGH equ 09Ah ;# 
   203  009A                     # 2776 "C:\Program Files (x86)\Microchip\xc8\v2.00\pic\include\pic16f887.h"
   204                           PWM1CON equ 09Bh ;# 
   205  009B                     # 2846 "C:\Program Files (x86)\Microchip\xc8\v2.00\pic\include\pic16f887.h"
   206                           ECCPAS equ 09Ch ;# 
   207  009C                     # 2928 "C:\Program Files (x86)\Microchip\xc8\v2.00\pic\include\pic16f887.h"
   208                           PSTRCON equ 09Dh ;# 
   209  009D                     # 2972 "C:\Program Files (x86)\Microchip\xc8\v2.00\pic\include\pic16f887.h"
   210                           ADRESL equ 09Eh ;# 
   211  009E                     # 2979 "C:\Program Files (x86)\Microchip\xc8\v2.00\pic\include\pic16f887.h"
   212                           ADCON1 equ 09Fh ;# 
   213  009F                     # 3013 "C:\Program Files (x86)\Microchip\xc8\v2.00\pic\include\pic16f887.h"
   214                           WDTCON equ 0105h ;# 
   215  0105                     # 3066 "C:\Program Files (x86)\Microchip\xc8\v2.00\pic\include\pic16f887.h"
   216                           CM1CON0 equ 0107h ;# 
   217  0107                     # 3131 "C:\Program Files (x86)\Microchip\xc8\v2.00\pic\include\pic16f887.h"
   218                           CM2CON0 equ 0108h ;# 
   219  0108                     # 3196 "C:\Program Files (x86)\Microchip\xc8\v2.00\pic\include\pic16f887.h"
   220                           CM2CON1 equ 0109h ;# 
   221  0109                     # 3247 "C:\Program Files (x86)\Microchip\xc8\v2.00\pic\include\pic16f887.h"
   222                           EEDATA equ 010Ch ;# 
   223  010C                     # 3252 "C:\Program Files (x86)\Microchip\xc8\v2.00\pic\include\pic16f887.h"
   224                           EEDAT equ 010Ch ;# 
   225  010C                     # 3259 "C:\Program Files (x86)\Microchip\xc8\v2.00\pic\include\pic16f887.h"
   226                           EEADR equ 010Dh ;# 
   227  010D                     # 3266 "C:\Program Files (x86)\Microchip\xc8\v2.00\pic\include\pic16f887.h"
   228                           EEDATH equ 010Eh ;# 
   229  010E                     # 3273 "C:\Program Files (x86)\Microchip\xc8\v2.00\pic\include\pic16f887.h"
   230                           EEADRH equ 010Fh ;# 
   231  010F                     # 3280 "C:\Program Files (x86)\Microchip\xc8\v2.00\pic\include\pic16f887.h"
   232                           SRCON equ 0185h ;# 
   233  0185                     # 3337 "C:\Program Files (x86)\Microchip\xc8\v2.00\pic\include\pic16f887.h"
   234                           BAUDCTL equ 0187h ;# 
   235  0187                     # 3389 "C:\Program Files (x86)\Microchip\xc8\v2.00\pic\include\pic16f887.h"
   236                           ANSEL equ 0188h ;# 
   237  0188                     # 3451 "C:\Program Files (x86)\Microchip\xc8\v2.00\pic\include\pic16f887.h"
   238                           ANSELH equ 0189h ;# 
   239  0189                     # 3501 "C:\Program Files (x86)\Microchip\xc8\v2.00\pic\include\pic16f887.h"
   240                           EECON1 equ 018Ch ;# 
   241  018C                     # 3546 "C:\Program Files (x86)\Microchip\xc8\v2.00\pic\include\pic16f887.h"
   242                           EECON2 equ 018Dh ;# 
   243  018D                     # 54 "C:\Program Files (x86)\Microchip\xc8\v2.00\pic\include\pic16f887.h"
   244                           INDF equ 00h ;# 
   245  0000                     # 61 "C:\Program Files (x86)\Microchip\xc8\v2.00\pic\include\pic16f887.h"
   246                           TMR0 equ 01h ;# 
   247  0001                     # 68 "C:\Program Files (x86)\Microchip\xc8\v2.00\pic\include\pic16f887.h"
   248                           PCL equ 02h ;# 
   249  0002                     # 75 "C:\Program Files (x86)\Microchip\xc8\v2.00\pic\include\pic16f887.h"
   250                           STATUS equ 03h ;# 
   251  0003                     # 161 "C:\Program Files (x86)\Microchip\xc8\v2.00\pic\include\pic16f887.h"
   252                           FSR equ 04h ;# 
   253  0004                     # 168 "C:\Program Files (x86)\Microchip\xc8\v2.00\pic\include\pic16f887.h"
   254                           PORTA equ 05h ;# 
   255  0005                     # 230 "C:\Program Files (x86)\Microchip\xc8\v2.00\pic\include\pic16f887.h"
   256                           PORTB equ 06h ;# 
   257  0006                     # 292 "C:\Program Files (x86)\Microchip\xc8\v2.00\pic\include\pic16f887.h"
   258                           PORTC equ 07h ;# 
   259  0007                     # 354 "C:\Program Files (x86)\Microchip\xc8\v2.00\pic\include\pic16f887.h"
   260                           PORTD equ 08h ;# 
   261  0008                     # 416 "C:\Program Files (x86)\Microchip\xc8\v2.00\pic\include\pic16f887.h"
   262                           PORTE equ 09h ;# 
   263  0009                     # 454 "C:\Program Files (x86)\Microchip\xc8\v2.00\pic\include\pic16f887.h"
   264                           PCLATH equ 0Ah ;# 
   265  000A                     # 461 "C:\Program Files (x86)\Microchip\xc8\v2.00\pic\include\pic16f887.h"
   266                           INTCON equ 0Bh ;# 
   267  000B                     # 539 "C:\Program Files (x86)\Microchip\xc8\v2.00\pic\include\pic16f887.h"
   268                           PIR1 equ 0Ch ;# 
   269  000C                     # 595 "C:\Program Files (x86)\Microchip\xc8\v2.00\pic\include\pic16f887.h"
   270                           PIR2 equ 0Dh ;# 
   271  000D                     # 652 "C:\Program Files (x86)\Microchip\xc8\v2.00\pic\include\pic16f887.h"
   272                           TMR1 equ 0Eh ;# 
   273  000E                     # 659 "C:\Program Files (x86)\Microchip\xc8\v2.00\pic\include\pic16f887.h"
   274                           TMR1L equ 0Eh ;# 
   275  000E                     # 666 "C:\Program Files (x86)\Microchip\xc8\v2.00\pic\include\pic16f887.h"
   276                           TMR1H equ 0Fh ;# 
   277  000F                     # 673 "C:\Program Files (x86)\Microchip\xc8\v2.00\pic\include\pic16f887.h"
   278                           T1CON equ 010h ;# 
   279  0010                     # 767 "C:\Program Files (x86)\Microchip\xc8\v2.00\pic\include\pic16f887.h"
   280                           TMR2 equ 011h ;# 
   281  0011                     # 774 "C:\Program Files (x86)\Microchip\xc8\v2.00\pic\include\pic16f887.h"
   282                           T2CON equ 012h ;# 
   283  0012                     # 845 "C:\Program Files (x86)\Microchip\xc8\v2.00\pic\include\pic16f887.h"
   284                           SSPBUF equ 013h ;# 
   285  0013                     # 852 "C:\Program Files (x86)\Microchip\xc8\v2.00\pic\include\pic16f887.h"
   286                           SSPCON equ 014h ;# 
   287  0014                     # 922 "C:\Program Files (x86)\Microchip\xc8\v2.00\pic\include\pic16f887.h"
   288                           CCPR1 equ 015h ;# 
   289  0015                     # 929 "C:\Program Files (x86)\Microchip\xc8\v2.00\pic\include\pic16f887.h"
   290                           CCPR1L equ 015h ;# 
   291  0015                     # 936 "C:\Program Files (x86)\Microchip\xc8\v2.00\pic\include\pic16f887.h"
   292                           CCPR1H equ 016h ;# 
   293  0016                     # 943 "C:\Program Files (x86)\Microchip\xc8\v2.00\pic\include\pic16f887.h"
   294                           CCP1CON equ 017h ;# 
   295  0017                     # 1040 "C:\Program Files (x86)\Microchip\xc8\v2.00\pic\include\pic16f887.h"
   296                           RCSTA equ 018h ;# 
   297  0018                     # 1135 "C:\Program Files (x86)\Microchip\xc8\v2.00\pic\include\pic16f887.h"
   298                           TXREG equ 019h ;# 
   299  0019                     # 1142 "C:\Program Files (x86)\Microchip\xc8\v2.00\pic\include\pic16f887.h"
   300                           RCREG equ 01Ah ;# 
   301  001A                     # 1149 "C:\Program Files (x86)\Microchip\xc8\v2.00\pic\include\pic16f887.h"
   302                           CCPR2 equ 01Bh ;# 
   303  001B                     # 1156 "C:\Program Files (x86)\Microchip\xc8\v2.00\pic\include\pic16f887.h"
   304                           CCPR2L equ 01Bh ;# 
   305  001B                     # 1163 "C:\Program Files (x86)\Microchip\xc8\v2.00\pic\include\pic16f887.h"
   306                           CCPR2H equ 01Ch ;# 
   307  001C                     # 1170 "C:\Program Files (x86)\Microchip\xc8\v2.00\pic\include\pic16f887.h"
   308                           CCP2CON equ 01Dh ;# 
   309  001D                     # 1240 "C:\Program Files (x86)\Microchip\xc8\v2.00\pic\include\pic16f887.h"
   310                           ADRESH equ 01Eh ;# 
   311  001E                     # 1247 "C:\Program Files (x86)\Microchip\xc8\v2.00\pic\include\pic16f887.h"
   312                           ADCON0 equ 01Fh ;# 
   313  001F                     # 1348 "C:\Program Files (x86)\Microchip\xc8\v2.00\pic\include\pic16f887.h"
   314                           OPTION_REG equ 081h ;# 
   315  0081                     # 1418 "C:\Program Files (x86)\Microchip\xc8\v2.00\pic\include\pic16f887.h"
   316                           TRISA equ 085h ;# 
   317  0085                     # 1480 "C:\Program Files (x86)\Microchip\xc8\v2.00\pic\include\pic16f887.h"
   318                           TRISB equ 086h ;# 
   319  0086                     # 1542 "C:\Program Files (x86)\Microchip\xc8\v2.00\pic\include\pic16f887.h"
   320                           TRISC equ 087h ;# 
   321  0087                     # 1604 "C:\Program Files (x86)\Microchip\xc8\v2.00\pic\include\pic16f887.h"
   322                           TRISD equ 088h ;# 
   323  0088                     # 1666 "C:\Program Files (x86)\Microchip\xc8\v2.00\pic\include\pic16f887.h"
   324                           TRISE equ 089h ;# 
   325  0089                     # 1704 "C:\Program Files (x86)\Microchip\xc8\v2.00\pic\include\pic16f887.h"
   326                           PIE1 equ 08Ch ;# 
   327  008C                     # 1760 "C:\Program Files (x86)\Microchip\xc8\v2.00\pic\include\pic16f887.h"
   328                           PIE2 equ 08Dh ;# 
   329  008D                     # 1817 "C:\Program Files (x86)\Microchip\xc8\v2.00\pic\include\pic16f887.h"
   330                           PCON equ 08Eh ;# 
   331  008E                     # 1864 "C:\Program Files (x86)\Microchip\xc8\v2.00\pic\include\pic16f887.h"
   332                           OSCCON equ 08Fh ;# 
   333  008F                     # 1929 "C:\Program Files (x86)\Microchip\xc8\v2.00\pic\include\pic16f887.h"
   334                           OSCTUNE equ 090h ;# 
   335  0090                     # 1981 "C:\Program Files (x86)\Microchip\xc8\v2.00\pic\include\pic16f887.h"
   336                           SSPCON2 equ 091h ;# 
   337  0091                     # 2043 "C:\Program Files (x86)\Microchip\xc8\v2.00\pic\include\pic16f887.h"
   338                           PR2 equ 092h ;# 
   339  0092                     # 2050 "C:\Program Files (x86)\Microchip\xc8\v2.00\pic\include\pic16f887.h"
   340                           SSPADD equ 093h ;# 
   341  0093                     # 2057 "C:\Program Files (x86)\Microchip\xc8\v2.00\pic\include\pic16f887.h"
   342                           SSPMSK equ 093h ;# 
   343  0093                     # 2062 "C:\Program Files (x86)\Microchip\xc8\v2.00\pic\include\pic16f887.h"
   344                           MSK equ 093h ;# 
   345  0093                     # 2179 "C:\Program Files (x86)\Microchip\xc8\v2.00\pic\include\pic16f887.h"
   346                           SSPSTAT equ 094h ;# 
   347  0094                     # 2348 "C:\Program Files (x86)\Microchip\xc8\v2.00\pic\include\pic16f887.h"
   348                           WPUB equ 095h ;# 
   349  0095                     # 2418 "C:\Program Files (x86)\Microchip\xc8\v2.00\pic\include\pic16f887.h"
   350                           IOCB equ 096h ;# 
   351  0096                     # 2488 "C:\Program Files (x86)\Microchip\xc8\v2.00\pic\include\pic16f887.h"
   352                           VRCON equ 097h ;# 
   353  0097                     # 2558 "C:\Program Files (x86)\Microchip\xc8\v2.00\pic\include\pic16f887.h"
   354                           TXSTA equ 098h ;# 
   355  0098                     # 2644 "C:\Program Files (x86)\Microchip\xc8\v2.00\pic\include\pic16f887.h"
   356                           SPBRG equ 099h ;# 
   357  0099                     # 2706 "C:\Program Files (x86)\Microchip\xc8\v2.00\pic\include\pic16f887.h"
   358                           SPBRGH equ 09Ah ;# 
   359  009A                     # 2776 "C:\Program Files (x86)\Microchip\xc8\v2.00\pic\include\pic16f887.h"
   360                           PWM1CON equ 09Bh ;# 
   361  009B                     # 2846 "C:\Program Files (x86)\Microchip\xc8\v2.00\pic\include\pic16f887.h"
   362                           ECCPAS equ 09Ch ;# 
   363  009C                     # 2928 "C:\Program Files (x86)\Microchip\xc8\v2.00\pic\include\pic16f887.h"
   364                           PSTRCON equ 09Dh ;# 
   365  009D                     # 2972 "C:\Program Files (x86)\Microchip\xc8\v2.00\pic\include\pic16f887.h"
   366                           ADRESL equ 09Eh ;# 
   367  009E                     # 2979 "C:\Program Files (x86)\Microchip\xc8\v2.00\pic\include\pic16f887.h"
   368                           ADCON1 equ 09Fh ;# 
   369  009F                     # 3013 "C:\Program Files (x86)\Microchip\xc8\v2.00\pic\include\pic16f887.h"
   370                           WDTCON equ 0105h ;# 
   371  0105                     # 3066 "C:\Program Files (x86)\Microchip\xc8\v2.00\pic\include\pic16f887.h"
   372                           CM1CON0 equ 0107h ;# 
   373  0107                     # 3131 "C:\Program Files (x86)\Microchip\xc8\v2.00\pic\include\pic16f887.h"
   374                           CM2CON0 equ 0108h ;# 
   375  0108                     # 3196 "C:\Program Files (x86)\Microchip\xc8\v2.00\pic\include\pic16f887.h"
   376                           CM2CON1 equ 0109h ;# 
   377  0109                     # 3247 "C:\Program Files (x86)\Microchip\xc8\v2.00\pic\include\pic16f887.h"
   378                           EEDATA equ 010Ch ;# 
   379  010C                     # 3252 "C:\Program Files (x86)\Microchip\xc8\v2.00\pic\include\pic16f887.h"
   380                           EEDAT equ 010Ch ;# 
   381  010C                     # 3259 "C:\Program Files (x86)\Microchip\xc8\v2.00\pic\include\pic16f887.h"
   382                           EEADR equ 010Dh ;# 
   383  010D                     # 3266 "C:\Program Files (x86)\Microchip\xc8\v2.00\pic\include\pic16f887.h"
   384                           EEDATH equ 010Eh ;# 
   385  010E                     # 3273 "C:\Program Files (x86)\Microchip\xc8\v2.00\pic\include\pic16f887.h"
   386                           EEADRH equ 010Fh ;# 
   387  010F                     # 3280 "C:\Program Files (x86)\Microchip\xc8\v2.00\pic\include\pic16f887.h"
   388                           SRCON equ 0185h ;# 
   389  0185                     # 3337 "C:\Program Files (x86)\Microchip\xc8\v2.00\pic\include\pic16f887.h"
   390                           BAUDCTL equ 0187h ;# 
   391  0187                     # 3389 "C:\Program Files (x86)\Microchip\xc8\v2.00\pic\include\pic16f887.h"
   392                           ANSEL equ 0188h ;# 
   393  0188                     # 3451 "C:\Program Files (x86)\Microchip\xc8\v2.00\pic\include\pic16f887.h"
   394                           ANSELH equ 0189h ;# 
   395  0189                     # 3501 "C:\Program Files (x86)\Microchip\xc8\v2.00\pic\include\pic16f887.h"
   396                           EECON1 equ 018Ch ;# 
   397  018C                     # 3546 "C:\Program Files (x86)\Microchip\xc8\v2.00\pic\include\pic16f887.h"
   398                           EECON2 equ 018Dh ;# 
   399  018D                     	FNROOT	_main
   400                           	global	_PORTD
   401                           _PORTD	set	0x8
   402  0008                     	global	_TRISD
   403                           _TRISD	set	0x88
   404  0088                     ; #config settings
   405                           global __CFG_FOSC$INTRC_NOCLKOUT
   406                           __CFG_FOSC$INTRC_NOCLKOUT equ 0x0
   407  0000                     global __CFG_WDTE$OFF
   408                           __CFG_WDTE$OFF equ 0x0
   409  0000                     global __CFG_PWRTE$OFF
   410                           __CFG_PWRTE$OFF equ 0x0
   411  0000                     global __CFG_MCLRE$OFF
   412                           __CFG_MCLRE$OFF equ 0x0
   413  0000                     global __CFG_CP$OFF
   414                           __CFG_CP$OFF equ 0x0
   415  0000                     global __CFG_CPD$OFF
   416                           __CFG_CPD$OFF equ 0x0
   417  0000                     global __CFG_BOREN$OFF
   418                           __CFG_BOREN$OFF equ 0x0
   419  0000                     global __CFG_IESO$OFF
   420                           __CFG_IESO$OFF equ 0x0
   421  0000                     global __CFG_FCMEN$OFF
   422                           __CFG_FCMEN$OFF equ 0x0
   423  0000                     global __CFG_LVP$OFF
   424                           __CFG_LVP$OFF equ 0x0
   425  0000                     global __CFG_BOR4V$BOR40V
   426                           __CFG_BOR4V$BOR40V equ 0x0
   427  0000                     global __CFG_WRT$OFF
   428                           __CFG_WRT$OFF equ 0x0
   429  0000                     	file	"C:\Users\20185151\AppData\Local\Temp\s5d0."
   430                           	line	#
   431                           psect cinit,class=CODE,delta=2
   432                           global start_initialization
   433                           start_initialization:
   434  07FC                     
   435                           global __initialization
   436                           __initialization:
   437  07FC                     psect cinit,class=CODE,delta=2,merge=1
   438                           global end_of_initialization,__end_of__initialization
   439                           
   440                           ;End of C runtime variable initialization code
   441                           
   442                           end_of_initialization:
   443  07FC                     __end_of__initialization:
   444  07FC                     clrf status
   445  07FC  0183               ljmp _main	;jump to C main() function
   446  07FD  120A  118A  2EE0   psect	cstackCOMMON,class=COMMON,space=1,noexec
   447                           global __pcstackCOMMON
   448                           __pcstackCOMMON:
   449  0070                     ?_main:	; 1 bytes @ 0x0
   450  0070                     ??_main:	; 1 bytes @ 0x0
   451  0070                     	ds	3
   452  0070                     ;!
   453                           ;!Data Sizes:
   454                           ;!    Strings     0
   455                           ;!    Constant    0
   456                           ;!    Data        0
   457                           ;!    BSS         0
   458                           ;!    Persistent  0
   459                           ;!    Stack       0
   460                           ;!
   461                           ;!Auto Spaces:
   462                           ;!    Space          Size  Autos    Used
   463                           ;!    COMMON           14      3       3
   464                           ;!    BANK0            80      0       0
   465                           ;!    BANK1            80      0       0
   466                           ;!    BANK3            96      0       0
   467                           ;!    BANK2            96      0       0
   468                           
   469                           ;!
   470                           ;!Pointer List with Targets:
   471                           ;!
   472                           ;!    None.
   473                           
   474                           
   475                           ;!
   476                           ;!Critical Paths under _main in COMMON
   477                           ;!
   478                           ;!    None.
   479                           ;!
   480                           ;!Critical Paths under _main in BANK0
   481                           ;!
   482                           ;!    None.
   483                           ;!
   484                           ;!Critical Paths under _main in BANK1
   485                           ;!
   486                           ;!    None.
   487                           ;!
   488                           ;!Critical Paths under _main in BANK3
   489                           ;!
   490                           ;!    None.
   491                           ;!
   492                           ;!Critical Paths under _main in BANK2
   493                           ;!
   494                           ;!    None.
   495                           
   496 ;;
   497 ;;Main: autosize = 0, tempsize = 3, incstack = 0, save=0
   498 ;;
   499                           
   500                           ;!
   501                           ;!Call Graph Tables:
   502                           ;!
   503                           ;! ---------------------------------------------------------------------------------
   504                           ;! (Depth) Function   	        Calls       Base Space   Used Autos Params    Refs
   505                           ;! ---------------------------------------------------------------------------------
   506                           ;! (0) _main                                                 3     3      0       0
   507                           ;!                                              0 COMMON     3     3      0
   508                           ;! ---------------------------------------------------------------------------------
   509                           ;! Estimated maximum stack depth 0
   510                           ;! ---------------------------------------------------------------------------------
   511                           ;!
   512                           ;! Call Graph Graphs:
   513                           ;!
   514                           ;! _main (ROOT)
   515                           ;!
   516                           
   517                           ;! Address spaces:
   518                           
   519                           ;!Name               Size   Autos  Total    Cost      Usage
   520                           ;!BITCOMMON            E      0       0       0        0.0%
   521                           ;!EEDATA             100      0       0       0        0.0%
   522                           ;!NULL                 0      0       0       0        0.0%
   523                           ;!CODE                 0      0       0       0        0.0%
   524                           ;!COMMON               E      3       3       1       21.4%
   525                           ;!BITSFR0              0      0       0       1        0.0%
   526                           ;!SFR0                 0      0       0       1        0.0%
   527                           ;!BITSFR1              0      0       0       2        0.0%
   528                           ;!SFR1                 0      0       0       2        0.0%
   529                           ;!STACK                0      0       0       2        0.0%
   530                           ;!ABS                  0      0       0       3        0.0%
   531                           ;!BITBANK0            50      0       0       4        0.0%
   532                           ;!BITSFR3              0      0       0       4        0.0%
   533                           ;!SFR3                 0      0       0       4        0.0%
   534                           ;!BANK0               50      0       0       5        0.0%
   535                           ;!BITSFR2              0      0       0       5        0.0%
   536                           ;!SFR2                 0      0       0       5        0.0%
   537                           ;!BITBANK1            50      0       0       6        0.0%
   538                           ;!BANK1               50      0       0       7        0.0%
   539                           ;!BITBANK3            60      0       0       8        0.0%
   540                           ;!BANK3               60      0       0       9        0.0%
   541                           ;!BITBANK2            60      0       0      10        0.0%
   542                           ;!BANK2               60      0       0      11        0.0%
   543                           ;!DATA                 0      0       0      12        0.0%
   544                           
   545                           	global	_main
   546                           
   547 ;; *************** function _main *****************
   548 ;; Defined at:
   549 ;;		line 5 in file "main.c"
   550 ;; Parameters:    Size  Location     Type
   551 ;;		None
   552 ;; Auto vars:     Size  Location     Type
   553 ;;		None
   554 ;; Return value:  Size  Location     Type
   555 ;;                  1    wreg      void 
   556 ;; Registers used:
   557 ;;		wreg, status,2
   558 ;; Tracked objects:
   559 ;;		On entry : B00/0
   560 ;;		On exit  : 0/0
   561 ;;		Unchanged: 0/0
   562 ;; Data sizes:     COMMON   BANK0   BANK1   BANK3   BANK2
   563 ;;      Params:         0       0       0       0       0
   564 ;;      Locals:         0       0       0       0       0
   565 ;;      Temps:          3       0       0       0       0
   566 ;;      Totals:         3       0       0       0       0
   567 ;;Total ram usage:        3 bytes
   568 ;; This function calls:
   569 ;;		Nothing
   570 ;; This function is called by:
   571 ;;		Startup code after reset
   572 ;; This function uses a non-reentrant model
   573 ;;
   574                           psect	maintext,global,class=CODE,delta=2,split=1,group=0
   575                           	file	"main.c"
   576                           	line	5
   577                           global __pmaintext
   578                           __pmaintext:	;psect for function _main
   579  06E0                     psect	maintext
   580                           	file	"main.c"
   581                           	line	5
   582                           	global	__size_of_main
   583                           	__size_of_main	equ	__end_of_main-_main
   584  011C                     	
   585                           _main:	
   586  06E0                     ;incstack = 0
   587                           	opt	stack 8
   588                           ; Regs used in _main: [wreg+status,2]
   589                           	line	7
   590                           	
   591                           l587:	
   592  06E0                     ;main.c: 7:     TRISD = 0;
   593                           	bsf	status, 5	;RP0=1, select bank1
   594  06E0  1683               	bcf	status, 6	;RP1=0, select bank1
   595  06E1  1303               	clrf	(136)^080h	;volatile
   596  06E2  0188               	line	8
   597                           ;main.c: 8:     PORTD = 0;
   598                           	bcf	status, 5	;RP0=0, select bank0
   599  06E3  1283               	bcf	status, 6	;RP1=0, select bank0
   600  06E4  1303               	clrf	(8)	;volatile
   601  06E5  0188               	goto	l589
   602  06E6  2EE7               	line	10
   603                           ;main.c: 10:     while (1)
   604                           	
   605                           l11:	
   606  06E7                     	line	12
   607                           	
   608                           l589:	
   609  06E7                     ;main.c: 11:     {;main.c: 12:         PORTD = 0x3F;
   610                           	movlw	low(03Fh)
   611  06E7  303F               	bcf	status, 5	;RP0=0, select bank0
   612  06E8  1283               	bcf	status, 6	;RP1=0, select bank0
   613  06E9  1303               	movwf	(8)	;volatile
   614  06EA  0088               	line	13
   615                           	
   616                           l591:	
   617  06EB                     ;main.c: 13:         _delay((unsigned long)((500)*(4000000/4000.0)));
   618                           	opt asmopt_push
   619                           opt asmopt_off
   620                           movlw  3
   621  06EB  3003               movwf	((??_main+0)+0+2),f
   622  06EC  00F2               movlw	138
   623  06ED  308A               movwf	((??_main+0)+0+1),f
   624  06EE  00F1               	movlw	85
   625  06EF  3055               movwf	((??_main+0)+0),f
   626  06F0  00F0               	u17:
   627  06F1                     decfsz	((??_main+0)+0),f
   628  06F1  0BF0               	goto	u17
   629  06F2  2EF1               	decfsz	((??_main+0)+0+1),f
   630  06F3  0BF1               	goto	u17
   631  06F4  2EF1               	decfsz	((??_main+0)+0+2),f
   632  06F5  0BF2               	goto	u17
   633  06F6  2EF1               	nop2
   634  06F7  2EF8               opt asmopt_pop
   635                           
   636                           	line	14
   637                           	
   638                           l593:	
   639  06F8                     ;main.c: 14:         PORTD = 0x06;
   640                           	movlw	low(06h)
   641  06F8  3006               	bcf	status, 5	;RP0=0, select bank0
   642  06F9  1283               	bcf	status, 6	;RP1=0, select bank0
   643  06FA  1303               	movwf	(8)	;volatile
   644  06FB  0088               	line	15
   645                           	
   646                           l595:	
   647  06FC                     ;main.c: 15:         _delay((unsigned long)((500)*(4000000/4000.0)));
   648                           	opt asmopt_push
   649                           opt asmopt_off
   650                           movlw  3
   651  06FC  3003               movwf	((??_main+0)+0+2),f
   652  06FD  00F2               movlw	138
   653  06FE  308A               movwf	((??_main+0)+0+1),f
   654  06FF  00F1               	movlw	85
   655  0700  3055               movwf	((??_main+0)+0),f
   656  0701  00F0               	u27:
   657  0702                     decfsz	((??_main+0)+0),f
   658  0702  0BF0               	goto	u27
   659  0703  2F02               	decfsz	((??_main+0)+0+1),f
   660  0704  0BF1               	goto	u27
   661  0705  2F02               	decfsz	((??_main+0)+0+2),f
   662  0706  0BF2               	goto	u27
   663  0707  2F02               	nop2
   664  0708  2F09               opt asmopt_pop
   665                           
   666                           	line	16
   667                           	
   668                           l597:	
   669  0709                     ;main.c: 16:         PORTD = 0x5B;
   670                           	movlw	low(05Bh)
   671  0709  305B               	bcf	status, 5	;RP0=0, select bank0
   672  070A  1283               	bcf	status, 6	;RP1=0, select bank0
   673  070B  1303               	movwf	(8)	;volatile
   674  070C  0088               	line	17
   675                           	
   676                           l599:	
   677  070D                     ;main.c: 17:         _delay((unsigned long)((500)*(4000000/4000.0)));
   678                           	opt asmopt_push
   679                           opt asmopt_off
   680                           movlw  3
   681  070D  3003               movwf	((??_main+0)+0+2),f
   682  070E  00F2               movlw	138
   683  070F  308A               movwf	((??_main+0)+0+1),f
   684  0710  00F1               	movlw	85
   685  0711  3055               movwf	((??_main+0)+0),f
   686  0712  00F0               	u37:
   687  0713                     decfsz	((??_main+0)+0),f
   688  0713  0BF0               	goto	u37
   689  0714  2F13               	decfsz	((??_main+0)+0+1),f
   690  0715  0BF1               	goto	u37
   691  0716  2F13               	decfsz	((??_main+0)+0+2),f
   692  0717  0BF2               	goto	u37
   693  0718  2F13               	nop2
   694  0719  2F1A               opt asmopt_pop
   695                           
   696                           	line	18
   697                           	
   698                           l601:	
   699  071A                     ;main.c: 18:         PORTD = 0x4F;
   700                           	movlw	low(04Fh)
   701  071A  304F               	bcf	status, 5	;RP0=0, select bank0
   702  071B  1283               	bcf	status, 6	;RP1=0, select bank0
   703  071C  1303               	movwf	(8)	;volatile
   704  071D  0088               	line	19
   705                           	
   706                           l603:	
   707  071E                     ;main.c: 19:         _delay((unsigned long)((500)*(4000000/4000.0)));
   708                           	opt asmopt_push
   709                           opt asmopt_off
   710                           movlw  3
   711  071E  3003               movwf	((??_main+0)+0+2),f
   712  071F  00F2               movlw	138
   713  0720  308A               movwf	((??_main+0)+0+1),f
   714  0721  00F1               	movlw	85
   715  0722  3055               movwf	((??_main+0)+0),f
   716  0723  00F0               	u47:
   717  0724                     decfsz	((??_main+0)+0),f
   718  0724  0BF0               	goto	u47
   719  0725  2F24               	decfsz	((??_main+0)+0+1),f
   720  0726  0BF1               	goto	u47
   721  0727  2F24               	decfsz	((??_main+0)+0+2),f
   722  0728  0BF2               	goto	u47
   723  0729  2F24               	nop2
   724  072A  2F2B               opt asmopt_pop
   725                           
   726                           	line	20
   727                           	
   728                           l605:	
   729  072B                     ;main.c: 20:         PORTD = 0x66;
   730                           	movlw	low(066h)
   731  072B  3066               	bcf	status, 5	;RP0=0, select bank0
   732  072C  1283               	bcf	status, 6	;RP1=0, select bank0
   733  072D  1303               	movwf	(8)	;volatile
   734  072E  0088               	line	21
   735                           	
   736                           l607:	
   737  072F                     ;main.c: 21:         _delay((unsigned long)((500)*(4000000/4000.0)));
   738                           	opt asmopt_push
   739                           opt asmopt_off
   740                           movlw  3
   741  072F  3003               movwf	((??_main+0)+0+2),f
   742  0730  00F2               movlw	138
   743  0731  308A               movwf	((??_main+0)+0+1),f
   744  0732  00F1               	movlw	85
   745  0733  3055               movwf	((??_main+0)+0),f
   746  0734  00F0               	u57:
   747  0735                     decfsz	((??_main+0)+0),f
   748  0735  0BF0               	goto	u57
   749  0736  2F35               	decfsz	((??_main+0)+0+1),f
   750  0737  0BF1               	goto	u57
   751  0738  2F35               	decfsz	((??_main+0)+0+2),f
   752  0739  0BF2               	goto	u57
   753  073A  2F35               	nop2
   754  073B  2F3C               opt asmopt_pop
   755                           
   756                           	line	22
   757                           	
   758                           l609:	
   759  073C                     ;main.c: 22:         PORTD = 0x6D;
   760                           	movlw	low(06Dh)
   761  073C  306D               	bcf	status, 5	;RP0=0, select bank0
   762  073D  1283               	bcf	status, 6	;RP1=0, select bank0
   763  073E  1303               	movwf	(8)	;volatile
   764  073F  0088               	line	23
   765                           	
   766                           l611:	
   767  0740                     ;main.c: 23:         _delay((unsigned long)((500)*(4000000/4000.0)));
   768                           	opt asmopt_push
   769                           opt asmopt_off
   770                           movlw  3
   771  0740  3003               movwf	((??_main+0)+0+2),f
   772  0741  00F2               movlw	138
   773  0742  308A               movwf	((??_main+0)+0+1),f
   774  0743  00F1               	movlw	85
   775  0744  3055               movwf	((??_main+0)+0),f
   776  0745  00F0               	u67:
   777  0746                     decfsz	((??_main+0)+0),f
   778  0746  0BF0               	goto	u67
   779  0747  2F46               	decfsz	((??_main+0)+0+1),f
   780  0748  0BF1               	goto	u67
   781  0749  2F46               	decfsz	((??_main+0)+0+2),f
   782  074A  0BF2               	goto	u67
   783  074B  2F46               	nop2
   784  074C  2F4D               opt asmopt_pop
   785                           
   786                           	line	24
   787                           	
   788                           l613:	
   789  074D                     ;main.c: 24:          PORTD = 0x7D;
   790                           	movlw	low(07Dh)
   791  074D  307D               	bcf	status, 5	;RP0=0, select bank0
   792  074E  1283               	bcf	status, 6	;RP1=0, select bank0
   793  074F  1303               	movwf	(8)	;volatile
   794  0750  0088               	line	25
   795                           	
   796                           l615:	
   797  0751                     ;main.c: 25:         _delay((unsigned long)((500)*(4000000/4000.0)));
   798                           	opt asmopt_push
   799                           opt asmopt_off
   800                           movlw  3
   801  0751  3003               movwf	((??_main+0)+0+2),f
   802  0752  00F2               movlw	138
   803  0753  308A               movwf	((??_main+0)+0+1),f
   804  0754  00F1               	movlw	85
   805  0755  3055               movwf	((??_main+0)+0),f
   806  0756  00F0               	u77:
   807  0757                     decfsz	((??_main+0)+0),f
   808  0757  0BF0               	goto	u77
   809  0758  2F57               	decfsz	((??_main+0)+0+1),f
   810  0759  0BF1               	goto	u77
   811  075A  2F57               	decfsz	((??_main+0)+0+2),f
   812  075B  0BF2               	goto	u77
   813  075C  2F57               	nop2
   814  075D  2F5E               opt asmopt_pop
   815                           
   816                           	line	26
   817                           	
   818                           l617:	
   819  075E                     ;main.c: 26:          PORTD = 0x07;
   820                           	movlw	low(07h)
   821  075E  3007               	bcf	status, 5	;RP0=0, select bank0
   822  075F  1283               	bcf	status, 6	;RP1=0, select bank0
   823  0760  1303               	movwf	(8)	;volatile
   824  0761  0088               	line	27
   825                           	
   826                           l619:	
   827  0762                     ;main.c: 27:         _delay((unsigned long)((500)*(4000000/4000.0)));
   828                           	opt asmopt_push
   829                           opt asmopt_off
   830                           movlw  3
   831  0762  3003               movwf	((??_main+0)+0+2),f
   832  0763  00F2               movlw	138
   833  0764  308A               movwf	((??_main+0)+0+1),f
   834  0765  00F1               	movlw	85
   835  0766  3055               movwf	((??_main+0)+0),f
   836  0767  00F0               	u87:
   837  0768                     decfsz	((??_main+0)+0),f
   838  0768  0BF0               	goto	u87
   839  0769  2F68               	decfsz	((??_main+0)+0+1),f
   840  076A  0BF1               	goto	u87
   841  076B  2F68               	decfsz	((??_main+0)+0+2),f
   842  076C  0BF2               	goto	u87
   843  076D  2F68               	nop2
   844  076E  2F6F               opt asmopt_pop
   845                           
   846                           	line	28
   847                           	
   848                           l621:	
   849  076F                     ;main.c: 28:          PORTD = 0x7F;
   850                           	movlw	low(07Fh)
   851  076F  307F               	bcf	status, 5	;RP0=0, select bank0
   852  0770  1283               	bcf	status, 6	;RP1=0, select bank0
   853  0771  1303               	movwf	(8)	;volatile
   854  0772  0088               	line	29
   855                           	
   856                           l623:	
   857  0773                     ;main.c: 29:         _delay((unsigned long)((500)*(4000000/4000.0)));
   858                           	opt asmopt_push
   859                           opt asmopt_off
   860                           movlw  3
   861  0773  3003               movwf	((??_main+0)+0+2),f
   862  0774  00F2               movlw	138
   863  0775  308A               movwf	((??_main+0)+0+1),f
   864  0776  00F1               	movlw	85
   865  0777  3055               movwf	((??_main+0)+0),f
   866  0778  00F0               	u97:
   867  0779                     decfsz	((??_main+0)+0),f
   868  0779  0BF0               	goto	u97
   869  077A  2F79               	decfsz	((??_main+0)+0+1),f
   870  077B  0BF1               	goto	u97
   871  077C  2F79               	decfsz	((??_main+0)+0+2),f
   872  077D  0BF2               	goto	u97
   873  077E  2F79               	nop2
   874  077F  2F80               opt asmopt_pop
   875                           
   876                           	line	30
   877                           	
   878                           l625:	
   879  0780                     ;main.c: 30:          PORTD = 0x6F;
   880                           	movlw	low(06Fh)
   881  0780  306F               	bcf	status, 5	;RP0=0, select bank0
   882  0781  1283               	bcf	status, 6	;RP1=0, select bank0
   883  0782  1303               	movwf	(8)	;volatile
   884  0783  0088               	line	31
   885                           	
   886                           l627:	
   887  0784                     ;main.c: 31:         _delay((unsigned long)((500)*(4000000/4000.0)));
   888                           	opt asmopt_push
   889                           opt asmopt_off
   890                           movlw  3
   891  0784  3003               movwf	((??_main+0)+0+2),f
   892  0785  00F2               movlw	138
   893  0786  308A               movwf	((??_main+0)+0+1),f
   894  0787  00F1               	movlw	85
   895  0788  3055               movwf	((??_main+0)+0),f
   896  0789  00F0               	u107:
   897  078A                     decfsz	((??_main+0)+0),f
   898  078A  0BF0               	goto	u107
   899  078B  2F8A               	decfsz	((??_main+0)+0+1),f
   900  078C  0BF1               	goto	u107
   901  078D  2F8A               	decfsz	((??_main+0)+0+2),f
   902  078E  0BF2               	goto	u107
   903  078F  2F8A               	nop2
   904  0790  2F91               opt asmopt_pop
   905                           
   906                           	line	32
   907                           	
   908                           l629:	
   909  0791                     ;main.c: 32:          PORTD = 0x77;
   910                           	movlw	low(077h)
   911  0791  3077               	bcf	status, 5	;RP0=0, select bank0
   912  0792  1283               	bcf	status, 6	;RP1=0, select bank0
   913  0793  1303               	movwf	(8)	;volatile
   914  0794  0088               	line	33
   915                           	
   916                           l631:	
   917  0795                     ;main.c: 33:         _delay((unsigned long)((500)*(4000000/4000.0)));
   918                           	opt asmopt_push
   919                           opt asmopt_off
   920                           movlw  3
   921  0795  3003               movwf	((??_main+0)+0+2),f
   922  0796  00F2               movlw	138
   923  0797  308A               movwf	((??_main+0)+0+1),f
   924  0798  00F1               	movlw	85
   925  0799  3055               movwf	((??_main+0)+0),f
   926  079A  00F0               	u117:
   927  079B                     decfsz	((??_main+0)+0),f
   928  079B  0BF0               	goto	u117
   929  079C  2F9B               	decfsz	((??_main+0)+0+1),f
   930  079D  0BF1               	goto	u117
   931  079E  2F9B               	decfsz	((??_main+0)+0+2),f
   932  079F  0BF2               	goto	u117
   933  07A0  2F9B               	nop2
   934  07A1  2FA2               opt asmopt_pop
   935                           
   936                           	line	34
   937                           	
   938                           l633:	
   939  07A2                     ;main.c: 34:          PORTD = 0x7C;
   940                           	movlw	low(07Ch)
   941  07A2  307C               	bcf	status, 5	;RP0=0, select bank0
   942  07A3  1283               	bcf	status, 6	;RP1=0, select bank0
   943  07A4  1303               	movwf	(8)	;volatile
   944  07A5  0088               	line	35
   945                           	
   946                           l635:	
   947  07A6                     ;main.c: 35:         _delay((unsigned long)((500)*(4000000/4000.0)));
   948                           	opt asmopt_push
   949                           opt asmopt_off
   950                           movlw  3
   951  07A6  3003               movwf	((??_main+0)+0+2),f
   952  07A7  00F2               movlw	138
   953  07A8  308A               movwf	((??_main+0)+0+1),f
   954  07A9  00F1               	movlw	85
   955  07AA  3055               movwf	((??_main+0)+0),f
   956  07AB  00F0               	u127:
   957  07AC                     decfsz	((??_main+0)+0),f
   958  07AC  0BF0               	goto	u127
   959  07AD  2FAC               	decfsz	((??_main+0)+0+1),f
   960  07AE  0BF1               	goto	u127
   961  07AF  2FAC               	decfsz	((??_main+0)+0+2),f
   962  07B0  0BF2               	goto	u127
   963  07B1  2FAC               	nop2
   964  07B2  2FB3               opt asmopt_pop
   965                           
   966                           	line	36
   967                           	
   968                           l637:	
   969  07B3                     ;main.c: 36:          PORTD = 0x39;
   970                           	movlw	low(039h)
   971  07B3  3039               	bcf	status, 5	;RP0=0, select bank0
   972  07B4  1283               	bcf	status, 6	;RP1=0, select bank0
   973  07B5  1303               	movwf	(8)	;volatile
   974  07B6  0088               	line	37
   975                           	
   976                           l639:	
   977  07B7                     ;main.c: 37:         _delay((unsigned long)((500)*(4000000/4000.0)));
   978                           	opt asmopt_push
   979                           opt asmopt_off
   980                           movlw  3
   981  07B7  3003               movwf	((??_main+0)+0+2),f
   982  07B8  00F2               movlw	138
   983  07B9  308A               movwf	((??_main+0)+0+1),f
   984  07BA  00F1               	movlw	85
   985  07BB  3055               movwf	((??_main+0)+0),f
   986  07BC  00F0               	u137:
   987  07BD                     decfsz	((??_main+0)+0),f
   988  07BD  0BF0               	goto	u137
   989  07BE  2FBD               	decfsz	((??_main+0)+0+1),f
   990  07BF  0BF1               	goto	u137
   991  07C0  2FBD               	decfsz	((??_main+0)+0+2),f
   992  07C1  0BF2               	goto	u137
   993  07C2  2FBD               	nop2
   994  07C3  2FC4               opt asmopt_pop
   995                           
   996                           	line	38
   997                           	
   998                           l641:	
   999  07C4                     ;main.c: 38:          PORTD = 0x5E;
  1000                           	movlw	low(05Eh)
  1001  07C4  305E               	bcf	status, 5	;RP0=0, select bank0
  1002  07C5  1283               	bcf	status, 6	;RP1=0, select bank0
  1003  07C6  1303               	movwf	(8)	;volatile
  1004  07C7  0088               	line	39
  1005                           	
  1006                           l643:	
  1007  07C8                     ;main.c: 39:         _delay((unsigned long)((500)*(4000000/4000.0)));
  1008                           	opt asmopt_push
  1009                           opt asmopt_off
  1010                           movlw  3
  1011  07C8  3003               movwf	((??_main+0)+0+2),f
  1012  07C9  00F2               movlw	138
  1013  07CA  308A               movwf	((??_main+0)+0+1),f
  1014  07CB  00F1               	movlw	85
  1015  07CC  3055               movwf	((??_main+0)+0),f
  1016  07CD  00F0               	u147:
  1017  07CE                     decfsz	((??_main+0)+0),f
  1018  07CE  0BF0               	goto	u147
  1019  07CF  2FCE               	decfsz	((??_main+0)+0+1),f
  1020  07D0  0BF1               	goto	u147
  1021  07D1  2FCE               	decfsz	((??_main+0)+0+2),f
  1022  07D2  0BF2               	goto	u147
  1023  07D3  2FCE               	nop2
  1024  07D4  2FD5               opt asmopt_pop
  1025                           
  1026                           	line	40
  1027                           	
  1028                           l645:	
  1029  07D5                     ;main.c: 40:          PORTD = 0x79;
  1030                           	movlw	low(079h)
  1031  07D5  3079               	bcf	status, 5	;RP0=0, select bank0
  1032  07D6  1283               	bcf	status, 6	;RP1=0, select bank0
  1033  07D7  1303               	movwf	(8)	;volatile
  1034  07D8  0088               	line	41
  1035                           	
  1036                           l647:	
  1037  07D9                     ;main.c: 41:         _delay((unsigned long)((500)*(4000000/4000.0)));
  1038                           	opt asmopt_push
  1039                           opt asmopt_off
  1040                           movlw  3
  1041  07D9  3003               movwf	((??_main+0)+0+2),f
  1042  07DA  00F2               movlw	138
  1043  07DB  308A               movwf	((??_main+0)+0+1),f
  1044  07DC  00F1               	movlw	85
  1045  07DD  3055               movwf	((??_main+0)+0),f
  1046  07DE  00F0               	u157:
  1047  07DF                     decfsz	((??_main+0)+0),f
  1048  07DF  0BF0               	goto	u157
  1049  07E0  2FDF               	decfsz	((??_main+0)+0+1),f
  1050  07E1  0BF1               	goto	u157
  1051  07E2  2FDF               	decfsz	((??_main+0)+0+2),f
  1052  07E3  0BF2               	goto	u157
  1053  07E4  2FDF               	nop2
  1054  07E5  2FE6               opt asmopt_pop
  1055                           
  1056                           	line	42
  1057                           	
  1058                           l649:	
  1059  07E6                     ;main.c: 42:          PORTD = 0x71;
  1060                           	movlw	low(071h)
  1061  07E6  3071               	bcf	status, 5	;RP0=0, select bank0
  1062  07E7  1283               	bcf	status, 6	;RP1=0, select bank0
  1063  07E8  1303               	movwf	(8)	;volatile
  1064  07E9  0088               	line	43
  1065                           	
  1066                           l651:	
  1067  07EA                     ;main.c: 43:         _delay((unsigned long)((500)*(4000000/4000.0)));
  1068                           	opt asmopt_push
  1069                           opt asmopt_off
  1070                           movlw  3
  1071  07EA  3003               movwf	((??_main+0)+0+2),f
  1072  07EB  00F2               movlw	138
  1073  07EC  308A               movwf	((??_main+0)+0+1),f
  1074  07ED  00F1               	movlw	85
  1075  07EE  3055               movwf	((??_main+0)+0),f
  1076  07EF  00F0               	u167:
  1077  07F0                     decfsz	((??_main+0)+0),f
  1078  07F0  0BF0               	goto	u167
  1079  07F1  2FF0               	decfsz	((??_main+0)+0+1),f
  1080  07F2  0BF1               	goto	u167
  1081  07F3  2FF0               	decfsz	((??_main+0)+0+2),f
  1082  07F4  0BF2               	goto	u167
  1083  07F5  2FF0               	nop2
  1084  07F6  2FF7               opt asmopt_pop
  1085                           
  1086                           	goto	l589
  1087  07F7  2EE7               	line	45
  1088                           ;main.c: 45:     }
  1089                           	
  1090                           l12:	
  1091  07F8                     	goto	l589
  1092  07F8  2EE7               	
  1093                           l13:	
  1094  07F9                     	line	46
  1095                           	
  1096                           l14:	
  1097  07F9                     	global	start
  1098                           	ljmp	start
  1099  07F9  120A  118A  2800   	opt stack 0
  1100                           GLOBAL	__end_of_main
  1101                           	__end_of_main:
  1102  07FC                     	signat	_main,89
  1103                           global	___latbits
  1104                           ___latbits	equ	2
  1105  0002                     	global	btemp
  1106                           	btemp set 07Eh
  1107  007E                     
  1108                           	DABS	1,126,2	;btemp
  1109                           	global	wtemp0
  1110                           	wtemp0 set btemp+0
  1111  007E                     	end


Data Sizes:
    Strings     0
    Constant    0
    Data        0
    BSS         0
    Persistent  0
    Stack       0

Auto Spaces:
    Space          Size  Autos    Used
    COMMON           14      3       3
    BANK0            80      0       0
    BANK1            80      0       0
    BANK3            96      0       0
    BANK2            96      0       0

Pointer List with Targets:

    None.

Critical Paths under _main in COMMON

    None.

Critical Paths under _main in BANK0

    None.

Critical Paths under _main in BANK1

    None.

Critical Paths under _main in BANK3

    None.

Critical Paths under _main in BANK2

    None.

Call Graph Tables:

 ---------------------------------------------------------------------------------
 (Depth) Function   	        Calls       Base Space   Used Autos Params    Refs
 ---------------------------------------------------------------------------------
 (0) _main                                                 3     3      0       0
                                              0 COMMON     3     3      0
 ---------------------------------------------------------------------------------
 Estimated maximum stack depth 0
 ---------------------------------------------------------------------------------

 Call Graph Graphs:

 _main (ROOT)

 Address spaces:
Name               Size   Autos  Total    Cost      Usage
BITCOMMON            E      0       0       0        0.0%
EEDATA             100      0       0       0        0.0%
NULL                 0      0       0       0        0.0%
CODE                 0      0       0       0        0.0%
COMMON               E      3       3       1       21.4%
BITSFR0              0      0       0       1        0.0%
SFR0                 0      0       0       1        0.0%
BITSFR1              0      0       0       2        0.0%
SFR1                 0      0       0       2        0.0%
STACK                0      0       0       2        0.0%
ABS                  0      0       0       3        0.0%
BITBANK0            50      0       0       4        0.0%
BITSFR3              0      0       0       4        0.0%
SFR3                 0      0       0       4        0.0%
BANK0               50      0       0       5        0.0%
BITSFR2              0      0       0       5        0.0%
SFR2                 0      0       0       5        0.0%
BITBANK1            50      0       0       6        0.0%
BANK1               50      0       0       7        0.0%
BITBANK3            60      0       0       8        0.0%
BANK3               60      0       0       9        0.0%
BITBANK2            60      0       0      10        0.0%
BANK2               60      0       0      11        0.0%
DATA                 0      0       0      12        0.0%


Microchip Technology PIC Macro Assembler V2.00 build -1524193055 
Symbol Table                                                                                   Thu Feb 25 15:27:58 2021

             __CFG_CP$OFF 0000                        l11 06E7                        l12 07F8  
                      l13 07F9                        l14 07F9                        u17 06F1  
                      u27 0702                        u37 0713                        u47 0724  
                      u57 0735                        u67 0746                        u77 0757  
                      u87 0768                        u97 0779                       l601 071A  
                     l611 0740                       l603 071E                       l621 076F  
                     l613 074D                       l605 072B                       l631 0795  
                     l623 0773                       l615 0751                       l607 072F  
                     l641 07C4                       l633 07A2                       l625 0780  
                     l617 075E                       l609 073C                       l651 07EA  
                     l643 07C8                       l635 07A6                       l627 0784  
                     l619 0762                       l645 07D5                       l637 07B3  
                     l629 0791                       l647 07D9                       l639 07B7  
                     l591 06EB                       l649 07E6                       l593 06F8  
                     l595 06FC                       l587 06E0                       l597 0709  
                     l589 06E7                       l599 070D                       u107 078A  
                     u117 079B                       u127 07AC                       u137 07BD  
                     u147 07CE                       u157 07DF                       u167 07F0  
            __CFG_CPD$OFF 0000              __CFG_LVP$OFF 0000              __CFG_WRT$OFF 0000  
                    _main 06E0                      btemp 007E                      start 0000  
           __CFG_IESO$OFF 0000                     ?_main 0070             __CFG_WDTE$OFF 0000  
                   _PORTD 0008                     _TRISD 0088            __CFG_FCMEN$OFF 0000  
          __CFG_BOREN$OFF 0000                     status 0003                     wtemp0 007E  
          __CFG_MCLRE$OFF 0000           __initialization 07FC              __end_of_main 07FC  
                  ??_main 0070            __CFG_PWRTE$OFF 0000   __end_of__initialization 07FC  
          __pcstackCOMMON 0070                __pmaintext 06E0      end_of_initialization 07FC  
     start_initialization 07FC  __CFG_FOSC$INTRC_NOCLKOUT 0000                 ___latbits 0002  
       __CFG_BOR4V$BOR40V 0000             __size_of_main 011C  
